2025-08-24 16:32:18.168 [main] INFO  com.ibkr.core.IBClient - Attempting to fetch previous day data for 2 stocks via initiateHistoricalDataFetch.
2025-08-24 16:32:18.174 [main] ERROR com.ibkr.core.IBClient - Cannot fetch historical data. IBClient not connected.
2025-08-24 16:32:18.176 [main] INFO  com.ibkr.core.IBClient - Historical data fetch initiated and completed. 0 symbols processed.
2025-08-24 16:32:18.177 [main] WARN  com.ibkr.core.IBClient - Skipping S/R calculation as no historical data was fetched.
2025-08-24 16:32:42.207 [main] ERROR com.ibkr.core.IBClient - Cannot fetch historical data. IBClient not connected.
2025-08-24 16:33:11.809 [main] INFO  com.ibkr.core.IBClient - Attempting to fetch previous day data for 2 stocks via initiateHistoricalDataFetch.
2025-08-24 16:33:11.812 [main] ERROR com.ibkr.core.IBClient - Cannot fetch historical data. IBClient not connected.
2025-08-24 16:33:11.812 [main] INFO  com.ibkr.core.IBClient - Historical data fetch initiated and completed. 0 symbols processed.
2025-08-24 16:33:11.813 [main] WARN  com.ibkr.core.IBClient - Skipping S/R calculation as no historical data was fetched.
2025-08-24 16:34:13.845 [main] INFO  com.ibkr.core.IBClient - Attempting to fetch previous day data for 2 stocks via initiateHistoricalDataFetch.
2025-08-24 16:34:13.848 [main] INFO  com.ibkr.core.IBClient - Requesting previous day OHLC for 2 symbols.
2025-08-24 16:34:13.849 [main] DEBUG com.ibkr.core.IBClient - Requesting historical data for GOOG: ReqId=101, Contract=GOOG, EndDT=, Duration=1 D, BarSize=1 day, WhatToShow=TRADES, UseRTH=1, Format=1
2025-08-24 16:34:13.849 [main] DEBUG com.ibkr.core.IBClient - Requesting historical data for AAPL: ReqId=102, Contract=AAPL, EndDT=, Duration=1 D, BarSize=1 day, WhatToShow=TRADES, UseRTH=1, Format=1
2025-08-24 16:34:13.850 [main] INFO  com.ibkr.core.IBClient - All historical data requests dispatched. Waiting for responses...
2025-08-24 16:35:13.850 [main] WARN  com.ibkr.core.IBClient - Timed out waiting for all historical data. Received 0 of 2 responses.
2025-08-24 16:35:13.853 [main] INFO  com.ibkr.core.IBClient - Historical data fetch initiated and completed. 0 symbols processed.
2025-08-24 16:35:13.853 [main] WARN  com.ibkr.core.IBClient - Skipping S/R calculation as no historical data was fetched.
2025-08-24 16:35:51.138 [Thread-1] INFO  com.ibkr.core.IBClient - Attempting to fetch previous day data for 2 stocks via initiateHistoricalDataFetch.
2025-08-24 16:35:51.141 [Thread-1] INFO  com.ibkr.core.IBClient - Requesting previous day OHLC for 2 symbols.
2025-08-24 16:35:51.141 [Thread-1] DEBUG com.ibkr.core.IBClient - Requesting historical data for GOOG: ReqId=101, Contract=GOOG, EndDT=, Duration=1 D, BarSize=1 day, WhatToShow=TRADES, UseRTH=1, Format=1
2025-08-24 16:35:51.142 [Thread-1] DEBUG com.ibkr.core.IBClient - Requesting historical data for AAPL: ReqId=102, Contract=AAPL, EndDT=, Duration=1 D, BarSize=1 day, WhatToShow=TRADES, UseRTH=1, Format=1
2025-08-24 16:35:51.142 [Thread-1] INFO  com.ibkr.core.IBClient - All historical data requests dispatched. Waiting for responses...
2025-08-24 16:36:13.361 [Thread-1] INFO  com.ibkr.core.IBClient - Attempting to fetch previous day data for 2 stocks via initiateHistoricalDataFetch.
2025-08-24 16:36:13.364 [Thread-1] INFO  com.ibkr.core.IBClient - Requesting previous day OHLC for 2 symbols.
2025-08-24 16:36:13.364 [Thread-1] DEBUG com.ibkr.core.IBClient - Requesting historical data for GOOG: ReqId=101, Contract=GOOG, EndDT=, Duration=1 D, BarSize=1 day, WhatToShow=TRADES, UseRTH=1, Format=1
2025-08-24 16:36:13.365 [Thread-1] DEBUG com.ibkr.core.IBClient - Requesting historical data for AAPL: ReqId=102, Contract=AAPL, EndDT=, Duration=1 D, BarSize=1 day, WhatToShow=TRADES, UseRTH=1, Format=1
2025-08-24 16:36:13.365 [Thread-1] INFO  com.ibkr.core.IBClient - All historical data requests dispatched. Waiting for responses...
2025-08-24 23:35:28.554 [main] INFO  com.ibkr.strategy.orb.OrbStrategy - OrbStrategy initialized. Timeframe: 5 mins, SL ATR %: 0.1, Risk %: 0.01
2025-08-24 23:36:20.186 [main] INFO  com.ibkr.strategy.orb.OrbStrategy - OrbStrategy initialized. Timeframe: 5 mins, SL ATR %: 0.1, Risk %: 0.01
2025-08-24 23:36:20.192 [main] WARN  com.ibkr.core.TradingEngine - No symbols found in InstrumentRegistry at startup. Historical volume data will not be pre-loaded.
2025-08-24 23:36:20.192 [main] INFO  com.ibkr.core.TradingEngine - TradingEngine initialized, including OrbStrategy, IntradayPriceActionAnalyzer, and VolumeSpikeAnalyzer.
2025-08-24 23:36:20.198 [main] INFO  com.ibkr.core.TradingEngine - Cached PDH for AAPL: 160.0
2025-08-24 23:36:20.199 [main] INFO  com.ibkr.strategy.orb.OrbStrategy - ORB daily state and buffers reset for symbol: AAPL
2025-08-24 23:36:20.200 [main] INFO  com.ibkr.core.TradingEngine - ORB Strategy daily state reset and PDH set for symbol: AAPL
2025-08-24 23:36:20.210 [main] INFO  com.ibkr.core.TradingEngine - Set 14-day avg opening range volume for AAPL: 0.0
2025-08-24 23:36:20.211 [main] INFO  c.i.a.IntradayPriceActionAnalyzer - Creating new IntradayPriceActionState for symbol: AAPL
2025-08-24 23:36:20.212 [main] INFO  c.i.a.IntradayPriceActionAnalyzer - Initialized IntradayPriceActionState for AAPL: PDH=160.0, DayOpen=155.0
2025-08-24 23:36:20.212 [main] INFO  com.ibkr.core.TradingEngine - Daily strategy initialization complete for symbol: AAPL
2025-08-24 23:38:59.918 [main] INFO  com.ibkr.strategy.orb.OrbStrategy - OrbStrategy initialized. Timeframe: 5 mins, SL ATR %: 0.1, Risk %: 0.01
2025-08-24 23:38:59.923 [main] WARN  com.ibkr.core.TradingEngine - No symbols found in InstrumentRegistry at startup. Historical volume data will not be pre-loaded.
2025-08-24 23:38:59.923 [main] INFO  com.ibkr.core.TradingEngine - TradingEngine initialized, including OrbStrategy, IntradayPriceActionAnalyzer, and VolumeSpikeAnalyzer.
2025-08-24 23:38:59.930 [main] INFO  com.ibkr.core.TradingEngine - Cached PDH for AAPL: 160.0
2025-08-24 23:38:59.932 [main] INFO  com.ibkr.strategy.orb.OrbStrategy - ORB daily state and buffers reset for symbol: AAPL
2025-08-24 23:38:59.932 [main] INFO  com.ibkr.core.TradingEngine - ORB Strategy daily state reset and PDH set for symbol: AAPL
2025-08-24 23:38:59.939 [main] INFO  com.ibkr.core.TradingEngine - Set 14-day avg opening range volume for AAPL: 0.0
2025-08-24 23:38:59.940 [main] INFO  c.i.a.IntradayPriceActionAnalyzer - Creating new IntradayPriceActionState for symbol: AAPL
2025-08-24 23:38:59.941 [main] INFO  c.i.a.IntradayPriceActionAnalyzer - Initialized IntradayPriceActionState for AAPL: PDH=160.0, DayOpen=155.0
2025-08-24 23:38:59.941 [main] INFO  com.ibkr.core.TradingEngine - Daily strategy initialization complete for symbol: AAPL
2025-08-24 23:38:59.966 [main] INFO  com.ibkr.strategy.orb.OrbStrategy - OrbStrategy initialized. Timeframe: 5 mins, SL ATR %: 0.1, Risk %: 0.01
2025-08-24 23:38:59.966 [main] WARN  com.ibkr.core.TradingEngine - No symbols found in InstrumentRegistry at startup. Historical volume data will not be pre-loaded.
2025-08-24 23:38:59.966 [main] INFO  com.ibkr.core.TradingEngine - TradingEngine initialized, including OrbStrategy, IntradayPriceActionAnalyzer, and VolumeSpikeAnalyzer.
2025-08-24 23:38:59.995 [main] INFO  com.ibkr.core.TradingEngine - TradingEngine services initialized.
2025-08-24 23:38:59.997 [main] INFO  com.ibkr.core.TradingEngine - Running pre-market screen...
2025-08-24 23:38:59.998 [main] INFO  com.ibkr.core.TradingEngine - Pre-market screen completed. 0 stocks passed.
2025-08-24 23:41:58.892 [main] INFO  c.ibkr.service.IbkrMarketDataService - Dispatching generalized historical data request for AAPL: ReqId=101, Duration=1 D, BarSize=1 day
2025-08-24 23:41:58.899 [main] DEBUG c.ibkr.service.IbkrMarketDataService - Received historical bar for generalized request 101: Date 1672531200, C: 155.0
2025-08-24 23:41:58.901 [main] INFO  c.ibkr.service.IbkrMarketDataService - HistoricalDataEnd for generalized request 101. Completed future with 1 bars.
2025-08-24 23:41:59.059 [main] INFO  com.ibkr.strategy.orb.OrbStrategy - OrbStrategy initialized. Timeframe: 5 mins, SL ATR %: 0.1, Risk %: 0.01
2025-08-24 23:41:59.063 [main] WARN  com.ibkr.core.TradingEngine - No symbols found in InstrumentRegistry at startup. Historical volume data will not be pre-loaded.
2025-08-24 23:41:59.063 [main] INFO  com.ibkr.core.TradingEngine - TradingEngine initialized, including OrbStrategy, IntradayPriceActionAnalyzer, and VolumeSpikeAnalyzer.
2025-08-24 23:41:59.067 [main] INFO  com.ibkr.core.TradingEngine - Cached PDH for AAPL: 160.0
2025-08-24 23:41:59.069 [main] INFO  com.ibkr.strategy.orb.OrbStrategy - ORB daily state and buffers reset for symbol: AAPL
2025-08-24 23:41:59.070 [main] INFO  com.ibkr.core.TradingEngine - ORB Strategy daily state reset and PDH set for symbol: AAPL
2025-08-24 23:41:59.082 [main] INFO  com.ibkr.core.TradingEngine - Set 14-day avg opening range volume for AAPL: 0.0
2025-08-24 23:41:59.084 [main] INFO  c.i.a.IntradayPriceActionAnalyzer - Creating new IntradayPriceActionState for symbol: AAPL
2025-08-24 23:41:59.085 [main] INFO  c.i.a.IntradayPriceActionAnalyzer - Initialized IntradayPriceActionState for AAPL: PDH=160.0, DayOpen=155.0
2025-08-24 23:41:59.085 [main] INFO  com.ibkr.core.TradingEngine - Daily strategy initialization complete for symbol: AAPL
2025-08-24 23:41:59.105 [main] INFO  com.ibkr.strategy.orb.OrbStrategy - OrbStrategy initialized. Timeframe: 5 mins, SL ATR %: 0.1, Risk %: 0.01
2025-08-24 23:41:59.107 [main] WARN  com.ibkr.core.TradingEngine - No symbols found in InstrumentRegistry at startup. Historical volume data will not be pre-loaded.
2025-08-24 23:41:59.107 [main] INFO  com.ibkr.core.TradingEngine - TradingEngine initialized, including OrbStrategy, IntradayPriceActionAnalyzer, and VolumeSpikeAnalyzer.
2025-08-24 23:41:59.137 [main] INFO  com.ibkr.core.TradingEngine - TradingEngine services initialized.
2025-08-24 23:41:59.140 [main] INFO  com.ibkr.core.TradingEngine - Running pre-market screen...
2025-08-24 23:41:59.141 [main] INFO  com.ibkr.core.TradingEngine - Pre-market screen completed. 0 stocks passed.
2025-08-25 00:03:21.849 [main] INFO  c.ibkr.service.IbkrMarketDataService - Dispatching generalized historical data request for AAPL: ReqId=101, Duration=1 D, BarSize=1 day
2025-08-25 00:03:21.858 [main] DEBUG c.ibkr.service.IbkrMarketDataService - Received historical bar for generalized request 101: Date 1672531200, C: 155.0
2025-08-25 00:03:21.860 [main] INFO  c.ibkr.service.IbkrMarketDataService - HistoricalDataEnd for generalized request 101. Completed future with 1 bars.
2025-08-25 00:03:22.004 [main] INFO  com.ibkr.strategy.orb.OrbStrategy - OrbStrategy initialized. Timeframe: 5 mins, SL ATR %: 0.1, Risk %: 0.01
2025-08-25 00:03:22.007 [main] WARN  com.ibkr.core.TradingEngine - No symbols found in InstrumentRegistry at startup. Historical volume data will not be pre-loaded.
2025-08-25 00:03:22.007 [main] INFO  com.ibkr.core.TradingEngine - TradingEngine initialized, including OrbStrategy, IntradayPriceActionAnalyzer, and VolumeSpikeAnalyzer.
2025-08-25 00:03:22.011 [main] INFO  com.ibkr.core.TradingEngine - Cached PDH for AAPL: 160.0
2025-08-25 00:03:22.013 [main] INFO  com.ibkr.strategy.orb.OrbStrategy - ORB daily state and buffers reset for symbol: AAPL
2025-08-25 00:03:22.013 [main] INFO  com.ibkr.core.TradingEngine - ORB Strategy daily state reset and PDH set for symbol: AAPL
2025-08-25 00:03:22.022 [main] INFO  com.ibkr.core.TradingEngine - Set 14-day avg opening range volume for AAPL: 0.0
2025-08-25 00:03:22.024 [main] INFO  c.i.a.IntradayPriceActionAnalyzer - Creating new IntradayPriceActionState for symbol: AAPL
2025-08-25 00:03:22.025 [main] INFO  c.i.a.IntradayPriceActionAnalyzer - Initialized IntradayPriceActionState for AAPL: PDH=160.0, DayOpen=155.0
2025-08-25 00:03:22.025 [main] INFO  com.ibkr.core.TradingEngine - Daily strategy initialization complete for symbol: AAPL
2025-08-25 00:03:22.047 [main] INFO  com.ibkr.strategy.orb.OrbStrategy - OrbStrategy initialized. Timeframe: 5 mins, SL ATR %: 0.1, Risk %: 0.01
2025-08-25 00:03:22.048 [main] WARN  com.ibkr.core.TradingEngine - No symbols found in InstrumentRegistry at startup. Historical volume data will not be pre-loaded.
2025-08-25 00:03:22.049 [main] INFO  com.ibkr.core.TradingEngine - TradingEngine initialized, including OrbStrategy, IntradayPriceActionAnalyzer, and VolumeSpikeAnalyzer.
2025-08-25 00:03:22.068 [main] INFO  com.ibkr.core.TradingEngine - TradingEngine services initialized.
2025-08-25 00:03:22.069 [main] INFO  com.ibkr.core.TradingEngine - Running pre-market screen...
2025-08-25 00:03:22.070 [main] INFO  com.ibkr.core.TradingEngine - Pre-market screen completed. 0 stocks passed.
2025-08-25 00:30:41.505 [main] INFO  c.ibkr.service.IbkrMarketDataService - Dispatching generalized historical data request for AAPL: ReqId=101, Duration=1 D, BarSize=1 day
2025-08-25 00:30:41.518 [main] DEBUG c.ibkr.service.IbkrMarketDataService - Received historical bar for generalized request 101: Date 1672531200, C: 155.0
2025-08-25 00:30:41.520 [main] INFO  c.ibkr.service.IbkrMarketDataService - HistoricalDataEnd for generalized request 101. Completed future with 1 bars.
2025-08-25 00:30:41.777 [main] INFO  com.ibkr.strategy.orb.OrbStrategy - OrbStrategy initialized. Timeframe: 5 mins, SL ATR %: 0.1, Risk %: 0.01
2025-08-25 00:30:41.782 [main] WARN  com.ibkr.core.TradingEngine - No symbols found in InstrumentRegistry at startup. Historical volume data will not be pre-loaded.
2025-08-25 00:30:41.783 [main] INFO  com.ibkr.core.TradingEngine - TradingEngine initialized, including OrbStrategy, IntradayPriceActionAnalyzer, and VolumeSpikeAnalyzer.
2025-08-25 00:30:41.792 [main] INFO  com.ibkr.core.TradingEngine - Cached PDH for AAPL: 160.0
2025-08-25 00:30:41.797 [main] INFO  com.ibkr.strategy.orb.OrbStrategy - ORB daily state and buffers reset for symbol: AAPL
2025-08-25 00:30:41.798 [main] INFO  com.ibkr.core.TradingEngine - ORB Strategy daily state reset and PDH set for symbol: AAPL
2025-08-25 00:30:41.813 [main] INFO  com.ibkr.core.TradingEngine - Set 14-day avg opening range volume for AAPL: 0.0
2025-08-25 00:30:41.816 [main] INFO  c.i.a.IntradayPriceActionAnalyzer - Creating new IntradayPriceActionState for symbol: AAPL
2025-08-25 00:30:41.818 [main] INFO  c.i.a.IntradayPriceActionAnalyzer - Initialized IntradayPriceActionState for AAPL: PDH=160.0, DayOpen=155.0
2025-08-25 00:30:41.819 [main] INFO  com.ibkr.core.TradingEngine - Daily strategy initialization complete for symbol: AAPL
2025-08-25 00:30:41.850 [main] INFO  com.ibkr.strategy.orb.OrbStrategy - OrbStrategy initialized. Timeframe: 5 mins, SL ATR %: 0.1, Risk %: 0.01
2025-08-25 00:30:41.851 [main] WARN  com.ibkr.core.TradingEngine - No symbols found in InstrumentRegistry at startup. Historical volume data will not be pre-loaded.
2025-08-25 00:30:41.852 [main] INFO  com.ibkr.core.TradingEngine - TradingEngine initialized, including OrbStrategy, IntradayPriceActionAnalyzer, and VolumeSpikeAnalyzer.
2025-08-25 00:30:41.888 [main] INFO  com.ibkr.core.TradingEngine - TradingEngine services initialized.
2025-08-25 00:30:41.891 [main] INFO  com.ibkr.core.TradingEngine - Running pre-market screen...
2025-08-25 00:30:41.894 [main] INFO  com.ibkr.core.TradingEngine - Pre-market screen completed. 0 stocks passed.
2025-08-25 01:00:25.298 [main] INFO  c.ibkr.service.IbkrMarketDataService - Dispatching generalized historical data request for AAPL: ReqId=101, Duration=1 D, BarSize=1 day
2025-08-25 01:00:25.306 [main] DEBUG c.ibkr.service.IbkrMarketDataService - Received historical bar for generalized request 101: Date 1672531200, C: 155.0
2025-08-25 01:00:25.307 [main] INFO  c.ibkr.service.IbkrMarketDataService - HistoricalDataEnd for generalized request 101. Completed future with 1 bars.
2025-08-25 01:00:25.392 [main] INFO  com.ibkr.strategy.orb.OrbStrategy - OrbStrategy initialized. Timeframe: 5 mins, SL ATR %: 0.1, Risk %: 0.01
2025-08-25 01:00:25.395 [main] WARN  com.ibkr.core.TradingEngine - No symbols found in InstrumentRegistry at startup. Historical volume data will not be pre-loaded.
2025-08-25 01:00:25.395 [main] INFO  com.ibkr.core.TradingEngine - TradingEngine initialized, including OrbStrategy, IntradayPriceActionAnalyzer, and VolumeSpikeAnalyzer.
2025-08-25 01:00:25.399 [main] INFO  com.ibkr.core.TradingEngine - Cached PDH for AAPL: 160.0
2025-08-25 01:00:25.401 [main] INFO  com.ibkr.strategy.orb.OrbStrategy - ORB daily state and buffers reset for symbol: AAPL
2025-08-25 01:00:25.401 [main] INFO  com.ibkr.core.TradingEngine - ORB Strategy daily state reset and PDH set for symbol: AAPL
2025-08-25 01:00:25.408 [main] INFO  com.ibkr.core.TradingEngine - Set 14-day avg opening range volume for AAPL: 0.0
2025-08-25 01:00:25.410 [main] INFO  c.i.a.IntradayPriceActionAnalyzer - Creating new IntradayPriceActionState for symbol: AAPL
2025-08-25 01:00:25.410 [main] INFO  c.i.a.IntradayPriceActionAnalyzer - Initialized IntradayPriceActionState for AAPL: PDH=160.0, DayOpen=155.0
2025-08-25 01:00:25.411 [main] INFO  com.ibkr.core.TradingEngine - Daily strategy initialization complete for symbol: AAPL
2025-08-25 01:00:25.430 [main] INFO  com.ibkr.strategy.orb.OrbStrategy - OrbStrategy initialized. Timeframe: 5 mins, SL ATR %: 0.1, Risk %: 0.01
2025-08-25 01:00:25.431 [main] WARN  com.ibkr.core.TradingEngine - No symbols found in InstrumentRegistry at startup. Historical volume data will not be pre-loaded.
2025-08-25 01:00:25.431 [main] INFO  com.ibkr.core.TradingEngine - TradingEngine initialized, including OrbStrategy, IntradayPriceActionAnalyzer, and VolumeSpikeAnalyzer.
2025-08-25 01:00:25.455 [main] INFO  com.ibkr.core.TradingEngine - TradingEngine services initialized.
2025-08-25 01:00:25.458 [main] INFO  com.ibkr.core.TradingEngine - Running pre-market screen...
2025-08-25 01:00:25.459 [main] INFO  com.ibkr.core.TradingEngine - Pre-market screen completed. 0 stocks passed.
2025-08-25 13:44:10.546 [com.ibkr.data.HistoricalVolumeService.main()] INFO  com.ibkr.data.MarketDataHandler - Created data directory: /app/market_data
2025-08-25 13:44:10.561 [com.ibkr.data.HistoricalVolumeService.main()] INFO  c.i.a.SupportResistanceAnalyzer - SupportResistanceAnalyzer initialized.
2025-08-25 13:44:10.569 [com.ibkr.data.HistoricalVolumeService.main()] INFO  c.i.analysis.MarketSentimentAnalyzer - MarketSentimentAnalyzer initialized. Symbols: 25, Observation: 15 mins, Market Open: 09:30, Observation End: 09:45, Analysis Window End: 10:00
2025-08-25 13:44:10.572 [com.ibkr.data.HistoricalVolumeService.main()] INFO  c.i.analysis.SectorStrengthAnalyzer - SectorStrengthAnalyzer initialized with 11 sectors and 34 symbol mappings.
2025-08-25 13:47:48.680 [com.ibkr.data.HistoricalVolumeService.main()] INFO  com.ibkr.data.MarketDataHandler - Created data directory: /app/market_data
2025-08-25 13:47:48.689 [com.ibkr.data.HistoricalVolumeService.main()] INFO  c.i.a.SupportResistanceAnalyzer - SupportResistanceAnalyzer initialized.
2025-08-25 13:47:48.694 [com.ibkr.data.HistoricalVolumeService.main()] INFO  c.i.analysis.MarketSentimentAnalyzer - MarketSentimentAnalyzer initialized. Symbols: 25, Observation: 15 mins, Market Open: 09:30, Observation End: 09:45, Analysis Window End: 10:00
2025-08-25 13:47:48.696 [com.ibkr.data.HistoricalVolumeService.main()] INFO  c.i.analysis.SectorStrengthAnalyzer - SectorStrengthAnalyzer initialized with 11 sectors and 34 symbol mappings.
2025-08-25 13:47:48.698 [com.ibkr.data.HistoricalVolumeService.main()] INFO  com.ibkr.AppContext - AppContext initialized successfully.
2025-08-25 13:50:09.911 [com.ibkr.data.HistoricalVolumeService.main()] INFO  com.ibkr.data.MarketDataHandler - Data directory already exists: /app/market_data
2025-08-25 13:50:09.918 [com.ibkr.data.HistoricalVolumeService.main()] INFO  c.i.a.SupportResistanceAnalyzer - SupportResistanceAnalyzer initialized.
2025-08-25 13:50:09.926 [com.ibkr.data.HistoricalVolumeService.main()] INFO  c.i.analysis.MarketSentimentAnalyzer - MarketSentimentAnalyzer initialized. Symbols: 25, Observation: 15 mins, Market Open: 09:30, Observation End: 09:45, Analysis Window End: 10:00
2025-08-25 13:50:09.928 [com.ibkr.data.HistoricalVolumeService.main()] INFO  c.i.analysis.SectorStrengthAnalyzer - SectorStrengthAnalyzer initialized with 11 sectors and 34 symbol mappings.
2025-08-25 13:51:14.811 [com.ibkr.data.HistoricalVolumeService.main()] INFO  com.ibkr.data.MarketDataHandler - Data directory already exists: /app/market_data
2025-08-25 13:51:14.818 [com.ibkr.data.HistoricalVolumeService.main()] INFO  c.i.a.SupportResistanceAnalyzer - SupportResistanceAnalyzer initialized.
2025-08-25 13:51:14.824 [com.ibkr.data.HistoricalVolumeService.main()] INFO  c.i.analysis.MarketSentimentAnalyzer - MarketSentimentAnalyzer initialized. Symbols: 25, Observation: 15 mins, Market Open: 09:30, Observation End: 09:45, Analysis Window End: 10:00
2025-08-25 13:51:14.826 [com.ibkr.data.HistoricalVolumeService.main()] INFO  c.i.analysis.SectorStrengthAnalyzer - SectorStrengthAnalyzer initialized with 11 sectors and 34 symbol mappings.
2025-08-25 13:53:33.564 [main] INFO  com.ibkr.data.MarketDataHandler - Data directory already exists: /app/market_data
2025-08-25 13:53:33.570 [main] INFO  c.i.a.SupportResistanceAnalyzer - SupportResistanceAnalyzer initialized.
2025-08-25 13:53:33.576 [main] INFO  c.i.analysis.MarketSentimentAnalyzer - MarketSentimentAnalyzer initialized. Symbols: 25, Observation: 15 mins, Market Open: 09:30, Observation End: 09:45, Analysis Window End: 10:00
2025-08-25 13:53:33.578 [main] INFO  c.i.analysis.SectorStrengthAnalyzer - SectorStrengthAnalyzer initialized with 11 sectors and 34 symbol mappings.
2025-08-25 13:54:01.570 [main] INFO  com.ibkr.data.MarketDataHandler - Data directory already exists: /app/market_data
2025-08-25 13:54:01.579 [main] INFO  c.i.a.SupportResistanceAnalyzer - SupportResistanceAnalyzer initialized.
2025-08-25 13:54:01.589 [main] INFO  c.i.analysis.MarketSentimentAnalyzer - MarketSentimentAnalyzer initialized. Symbols: 25, Observation: 15 mins, Market Open: 09:30, Observation End: 09:45, Analysis Window End: 10:00
2025-08-25 13:54:01.592 [main] INFO  c.i.analysis.SectorStrengthAnalyzer - SectorStrengthAnalyzer initialized with 11 sectors and 34 symbol mappings.
2025-08-25 13:54:01.624 [main] INFO  com.ibkr.AppContext - AppContext initialized successfully.
2025-08-25 13:54:01.660 [main] INFO  c.ibkr.service.IbkrMarketDataService - Connecting to 127.0.0.1:7497 with clientId: 99
2025-08-25 13:54:01.700 [main] ERROR c.ibkr.service.IbkrMarketDataService - TWS API Connectivity Error - ID: -1, Code: 502, Msg: Connectivity Issue: Couldn't connect to TWS. Confirm that "Enable ActiveX and Socket Clients" is enabled and connection port is the same as "Socket Port" on the TWS "Edit->Global Configuration...->API->Settings" menu. Live Trading ports: TWS: 7496; IB Gateway: 4001. Simulated Trading ports for new installations of version 954.1 or newer: TWS: 7497; IB Gateway: 4002
2025-08-25 13:54:01.700 [main] WARN  c.ibkr.service.IbkrMarketDataService - Connection attempt made, but isConnected() is false. Check TWS logs and ensure EWrapper.connectAck is received.
2025-08-25 13:54:03.704 [main] INFO  c.ibkr.data.HistoricalVolumeService - Starting historical daily volume calculation for 4 symbols.
2025-08-25 13:54:03.712 [main] INFO  com.ibkr.data.HistoricalDataService - Requesting daily historical data for AAPL: 15 days
2025-08-25 13:54:03.713 [main] ERROR c.ibkr.service.IbkrMarketDataService - Cannot request historical data for AAPL: Not connected.
2025-08-25 13:54:03.720 [main] ERROR com.ibkr.data.HistoricalDataService - Failed to fetch daily data for AAPL: Not connected to TWS.
2025-08-25 13:54:03.721 [main] INFO  com.ibkr.data.HistoricalDataService - Requesting daily historical data for TSLA: 15 days
2025-08-25 13:54:03.721 [main] ERROR c.ibkr.service.IbkrMarketDataService - Cannot request historical data for TSLA: Not connected.
2025-08-25 13:54:03.721 [main] ERROR com.ibkr.data.HistoricalDataService - Failed to fetch daily data for TSLA: Not connected to TWS.
2025-08-25 13:54:03.722 [main] INFO  com.ibkr.data.HistoricalDataService - Requesting daily historical data for MSFT: 15 days
2025-08-25 13:54:03.722 [main] ERROR c.ibkr.service.IbkrMarketDataService - Cannot request historical data for MSFT: Not connected.
2025-08-25 13:54:03.722 [main] ERROR com.ibkr.data.HistoricalDataService - Failed to fetch daily data for MSFT: Not connected to TWS.
2025-08-25 13:54:03.722 [main] INFO  com.ibkr.data.HistoricalDataService - Requesting daily historical data for GOOG: 15 days
2025-08-25 13:54:03.722 [main] ERROR c.ibkr.service.IbkrMarketDataService - Cannot request historical data for GOOG: Not connected.
2025-08-25 13:54:03.723 [main] ERROR com.ibkr.data.HistoricalDataService - Failed to fetch daily data for GOOG: Not connected to TWS.
2025-08-25 23:44:09.896 [main] INFO  com.ibkr.IBAppMain - Application starting...
2025-08-25 23:44:09.941 [main] INFO  com.ibkr.data.MarketDataHandler - Data directory already exists: /app/market_data
2025-08-25 23:44:09.945 [main] INFO  c.i.a.SupportResistanceAnalyzer - SupportResistanceAnalyzer initialized.
2025-08-25 23:44:09.952 [main] INFO  c.i.analysis.MarketSentimentAnalyzer - MarketSentimentAnalyzer initialized. Symbols: 25, Observation: 15 mins, Market Open: 09:30, Observation End: 09:45, Analysis Window End: 10:00
2025-08-25 23:44:09.955 [main] INFO  c.i.analysis.SectorStrengthAnalyzer - SectorStrengthAnalyzer initialized with 11 sectors and 34 symbol mappings.
2025-08-25 23:44:09.967 [main] INFO  com.ibkr.strategy.orb.OrbStrategy - OrbStrategy initialized. Timeframe: 5 mins, SL ATR %: 0.1, Risk %: 0.01
2025-08-25 23:44:09.992 [main] INFO  com.ibkr.core.TradingEngine - Registering contracts for 25 symbols before data loading.
2025-08-25 23:44:09.993 [main] INFO  com.ibkr.core.TradingEngine - Pre-loading historical daily volume data for 25 symbols.
2025-08-25 23:44:09.993 [main] INFO  c.ibkr.data.HistoricalVolumeService - Starting historical daily volume calculation for 25 symbols.
2025-08-25 23:44:10.000 [main] INFO  com.ibkr.data.HistoricalDataService - Requesting daily historical data for GOOGL: 15 days
2025-08-25 23:44:10.000 [main] ERROR c.ibkr.service.IbkrMarketDataService - Cannot request historical data for GOOGL: Not connected.
2025-08-25 23:44:10.005 [main] ERROR com.ibkr.data.HistoricalDataService - Failed to fetch daily data for GOOGL: Not connected to TWS.
2025-08-25 23:44:10.006 [main] INFO  com.ibkr.data.HistoricalDataService - Requesting daily historical data for AAPL: 15 days
2025-08-25 23:44:10.006 [main] ERROR c.ibkr.service.IbkrMarketDataService - Cannot request historical data for AAPL: Not connected.
2025-08-25 23:44:10.006 [main] ERROR com.ibkr.data.HistoricalDataService - Failed to fetch daily data for AAPL: Not connected to TWS.
2025-08-25 23:44:10.007 [main] INFO  com.ibkr.data.HistoricalDataService - Requesting daily historical data for CVX: 15 days
2025-08-25 23:44:10.007 [main] ERROR c.ibkr.service.IbkrMarketDataService - Cannot request historical data for CVX: Not connected.
2025-08-25 23:44:10.007 [main] ERROR com.ibkr.data.HistoricalDataService - Failed to fetch daily data for CVX: Not connected to TWS.
2025-08-25 23:44:10.007 [main] INFO  com.ibkr.data.HistoricalDataService - Requesting daily historical data for JPM: 15 days
2025-08-25 23:44:10.007 [main] ERROR c.ibkr.service.IbkrMarketDataService - Cannot request historical data for JPM: Not connected.
2025-08-25 23:44:10.007 [main] ERROR com.ibkr.data.HistoricalDataService - Failed to fetch daily data for JPM: Not connected to TWS.
2025-08-25 23:44:10.007 [main] INFO  com.ibkr.data.HistoricalDataService - Requesting daily historical data for JNJ: 15 days
2025-08-25 23:44:10.007 [main] ERROR c.ibkr.service.IbkrMarketDataService - Cannot request historical data for JNJ: Not connected.
2025-08-25 23:44:10.007 [main] ERROR com.ibkr.data.HistoricalDataService - Failed to fetch daily data for JNJ: Not connected to TWS.
2025-08-25 23:44:10.008 [main] INFO  com.ibkr.data.HistoricalDataService - Requesting daily historical data for UNH: 15 days
2025-08-25 23:44:10.008 [main] ERROR c.ibkr.service.IbkrMarketDataService - Cannot request historical data for UNH: Not connected.
2025-08-25 23:44:10.008 [main] ERROR com.ibkr.data.HistoricalDataService - Failed to fetch daily data for UNH: Not connected to TWS.
2025-08-25 23:44:10.008 [main] INFO  com.ibkr.data.HistoricalDataService - Requesting daily historical data for PFE: 15 days
2025-08-25 23:44:10.008 [main] ERROR c.ibkr.service.IbkrMarketDataService - Cannot request historical data for PFE: Not connected.
2025-08-25 23:44:10.008 [main] ERROR com.ibkr.data.HistoricalDataService - Failed to fetch daily data for PFE: Not connected to TWS.
2025-08-25 23:44:10.009 [main] INFO  com.ibkr.data.HistoricalDataService - Requesting daily historical data for MSFT: 15 days
2025-08-25 23:44:10.009 [main] ERROR c.ibkr.service.IbkrMarketDataService - Cannot request historical data for MSFT: Not connected.
2025-08-25 23:44:10.009 [main] ERROR com.ibkr.data.HistoricalDataService - Failed to fetch daily data for MSFT: Not connected to TWS.
2025-08-25 23:44:10.009 [main] INFO  com.ibkr.data.HistoricalDataService - Requesting daily historical data for COST: 15 days
2025-08-25 23:44:10.009 [main] ERROR c.ibkr.service.IbkrMarketDataService - Cannot request historical data for COST: Not connected.
2025-08-25 23:44:10.009 [main] ERROR com.ibkr.data.HistoricalDataService - Failed to fetch daily data for COST: Not connected to TWS.
2025-08-25 23:44:10.009 [main] INFO  com.ibkr.data.HistoricalDataService - Requesting daily historical data for TSLA: 15 days
2025-08-25 23:44:10.009 [main] ERROR c.ibkr.service.IbkrMarketDataService - Cannot request historical data for TSLA: Not connected.
2025-08-25 23:44:10.009 [main] ERROR com.ibkr.data.HistoricalDataService - Failed to fetch daily data for TSLA: Not connected to TWS.
2025-08-25 23:44:10.010 [main] INFO  com.ibkr.data.HistoricalDataService - Requesting daily historical data for MA: 15 days
2025-08-25 23:44:10.010 [main] ERROR c.ibkr.service.IbkrMarketDataService - Cannot request historical data for MA: Not connected.
2025-08-25 23:44:10.010 [main] ERROR com.ibkr.data.HistoricalDataService - Failed to fetch daily data for MA: Not connected to TWS.
2025-08-25 23:44:10.010 [main] INFO  com.ibkr.data.HistoricalDataService - Requesting daily historical data for V: 15 days
2025-08-25 23:44:10.010 [main] ERROR c.ibkr.service.IbkrMarketDataService - Cannot request historical data for V: Not connected.
2025-08-25 23:44:10.010 [main] ERROR com.ibkr.data.HistoricalDataService - Failed to fetch daily data for V: Not connected to TWS.
2025-08-25 23:44:10.010 [main] INFO  com.ibkr.data.HistoricalDataService - Requesting daily historical data for PYPL: 15 days
2025-08-25 23:44:10.010 [main] ERROR c.ibkr.service.IbkrMarketDataService - Cannot request historical data for PYPL: Not connected.
2025-08-25 23:44:10.010 [main] ERROR com.ibkr.data.HistoricalDataService - Failed to fetch daily data for PYPL: Not connected to TWS.
2025-08-25 23:44:10.011 [main] INFO  com.ibkr.data.HistoricalDataService - Requesting daily historical data for NFLX: 15 days
2025-08-25 23:44:10.011 [main] ERROR c.ibkr.service.IbkrMarketDataService - Cannot request historical data for NFLX: Not connected.
2025-08-25 23:44:10.011 [main] ERROR com.ibkr.data.HistoricalDataService - Failed to fetch daily data for NFLX: Not connected to TWS.
2025-08-25 23:44:10.011 [main] INFO  com.ibkr.data.HistoricalDataService - Requesting daily historical data for NVDA: 15 days
2025-08-25 23:44:10.011 [main] ERROR c.ibkr.service.IbkrMarketDataService - Cannot request historical data for NVDA: Not connected.
2025-08-25 23:44:10.011 [main] ERROR com.ibkr.data.HistoricalDataService - Failed to fetch daily data for NVDA: Not connected to TWS.
2025-08-25 23:44:10.011 [main] INFO  com.ibkr.data.HistoricalDataService - Requesting daily historical data for BAC: 15 days
2025-08-25 23:44:10.011 [main] ERROR c.ibkr.service.IbkrMarketDataService - Cannot request historical data for BAC: Not connected.
2025-08-25 23:44:10.011 [main] ERROR com.ibkr.data.HistoricalDataService - Failed to fetch daily data for BAC: Not connected to TWS.
2025-08-25 23:44:10.011 [main] INFO  com.ibkr.data.HistoricalDataService - Requesting daily historical data for DIS: 15 days
2025-08-25 23:44:10.011 [main] ERROR c.ibkr.service.IbkrMarketDataService - Cannot request historical data for DIS: Not connected.
2025-08-25 23:44:10.012 [main] ERROR com.ibkr.data.HistoricalDataService - Failed to fetch daily data for DIS: Not connected to TWS.
2025-08-25 23:44:10.012 [main] INFO  com.ibkr.data.HistoricalDataService - Requesting daily historical data for MCD: 15 days
2025-08-25 23:44:10.012 [main] ERROR c.ibkr.service.IbkrMarketDataService - Cannot request historical data for MCD: Not connected.
2025-08-25 23:44:10.012 [main] ERROR com.ibkr.data.HistoricalDataService - Failed to fetch daily data for MCD: Not connected to TWS.
2025-08-25 23:44:10.012 [main] INFO  com.ibkr.data.HistoricalDataService - Requesting daily historical data for PG: 15 days
2025-08-25 23:44:10.012 [main] ERROR c.ibkr.service.IbkrMarketDataService - Cannot request historical data for PG: Not connected.
2025-08-25 23:44:10.012 [main] ERROR com.ibkr.data.HistoricalDataService - Failed to fetch daily data for PG: Not connected to TWS.
2025-08-25 23:44:10.013 [main] INFO  com.ibkr.data.HistoricalDataService - Requesting daily historical data for XOM: 15 days
2025-08-25 23:44:10.013 [main] ERROR c.ibkr.service.IbkrMarketDataService - Cannot request historical data for XOM: Not connected.
2025-08-25 23:44:10.013 [main] ERROR com.ibkr.data.HistoricalDataService - Failed to fetch daily data for XOM: Not connected to TWS.
2025-08-25 23:44:10.013 [main] INFO  com.ibkr.data.HistoricalDataService - Requesting daily historical data for ADBE: 15 days
2025-08-25 23:44:10.013 [main] ERROR c.ibkr.service.IbkrMarketDataService - Cannot request historical data for ADBE: Not connected.
2025-08-25 23:44:10.013 [main] ERROR com.ibkr.data.HistoricalDataService - Failed to fetch daily data for ADBE: Not connected to TWS.
2025-08-25 23:44:10.013 [main] INFO  com.ibkr.data.HistoricalDataService - Requesting daily historical data for PEP: 15 days
2025-08-25 23:44:10.013 [main] ERROR c.ibkr.service.IbkrMarketDataService - Cannot request historical data for PEP: Not connected.
2025-08-25 23:44:10.013 [main] ERROR com.ibkr.data.HistoricalDataService - Failed to fetch daily data for PEP: Not connected to TWS.
2025-08-25 23:44:10.013 [main] INFO  com.ibkr.data.HistoricalDataService - Requesting daily historical data for HD: 15 days
2025-08-25 23:44:10.013 [main] ERROR c.ibkr.service.IbkrMarketDataService - Cannot request historical data for HD: Not connected.
2025-08-25 23:44:10.014 [main] ERROR com.ibkr.data.HistoricalDataService - Failed to fetch daily data for HD: Not connected to TWS.
2025-08-25 23:44:10.014 [main] INFO  com.ibkr.data.HistoricalDataService - Requesting daily historical data for AMZN: 15 days
2025-08-25 23:44:10.014 [main] ERROR c.ibkr.service.IbkrMarketDataService - Cannot request historical data for AMZN: Not connected.
2025-08-25 23:44:10.014 [main] ERROR com.ibkr.data.HistoricalDataService - Failed to fetch daily data for AMZN: Not connected to TWS.
2025-08-25 23:44:10.014 [main] INFO  com.ibkr.data.HistoricalDataService - Requesting daily historical data for CRM: 15 days
2025-08-25 23:44:10.014 [main] ERROR c.ibkr.service.IbkrMarketDataService - Cannot request historical data for CRM: Not connected.
2025-08-25 23:44:10.014 [main] ERROR com.ibkr.data.HistoricalDataService - Failed to fetch daily data for CRM: Not connected to TWS.
2025-08-25 23:45:09.377 [main] INFO  com.ibkr.IBAppMain - Application starting...
2025-08-25 23:45:09.416 [main] INFO  com.ibkr.data.MarketDataHandler - Data directory already exists: /app/market_data
2025-08-25 23:45:09.419 [main] INFO  c.i.a.SupportResistanceAnalyzer - SupportResistanceAnalyzer initialized.
2025-08-25 23:45:09.425 [main] INFO  c.i.analysis.MarketSentimentAnalyzer - MarketSentimentAnalyzer initialized. Symbols: 25, Observation: 15 mins, Market Open: 09:30, Observation End: 09:45, Analysis Window End: 10:00
2025-08-25 23:45:09.428 [main] INFO  c.i.analysis.SectorStrengthAnalyzer - SectorStrengthAnalyzer initialized with 11 sectors and 34 symbol mappings.
2025-08-25 23:45:09.466 [main] INFO  com.ibkr.strategy.orb.OrbStrategy - OrbStrategy initialized. Timeframe: 5 mins, SL ATR %: 0.1, Risk %: 0.01
2025-08-25 23:45:09.488 [main] INFO  com.ibkr.core.TradingEngine - Registering contracts for 25 symbols before data loading.
2025-08-25 23:45:09.489 [main] INFO  com.ibkr.core.TradingEngine - Pre-loading historical daily volume data for 25 symbols.
2025-08-25 23:45:09.490 [main] INFO  c.ibkr.data.HistoricalVolumeService - Starting historical daily volume calculation for 25 symbols.
2025-08-25 23:45:09.495 [main] INFO  com.ibkr.data.HistoricalDataService - Requesting daily historical data for GOOGL: 15 days
2025-08-25 23:45:09.500 [main] INFO  com.ibkr.data.HistoricalDataService - Successfully fetched 0 daily bars for GOOGL
2025-08-25 23:45:09.501 [main] WARN  c.ibkr.data.HistoricalVolumeService - Received empty or null historical data for GOOGL. Cannot calculate average volume.
2025-08-25 23:45:09.501 [main] INFO  com.ibkr.data.HistoricalDataService - Requesting daily historical data for AAPL: 15 days
2025-08-25 23:45:09.502 [main] INFO  com.ibkr.data.HistoricalDataService - Successfully fetched 0 daily bars for AAPL
2025-08-25 23:45:09.502 [main] WARN  c.ibkr.data.HistoricalVolumeService - Received empty or null historical data for AAPL. Cannot calculate average volume.
2025-08-25 23:45:09.502 [main] INFO  com.ibkr.data.HistoricalDataService - Requesting daily historical data for CVX: 15 days
2025-08-25 23:45:09.502 [main] INFO  com.ibkr.data.HistoricalDataService - Successfully fetched 0 daily bars for CVX
2025-08-25 23:45:09.503 [main] WARN  c.ibkr.data.HistoricalVolumeService - Received empty or null historical data for CVX. Cannot calculate average volume.
2025-08-25 23:45:09.503 [main] INFO  com.ibkr.data.HistoricalDataService - Requesting daily historical data for JPM: 15 days
2025-08-25 23:45:09.503 [main] INFO  com.ibkr.data.HistoricalDataService - Successfully fetched 0 daily bars for JPM
2025-08-25 23:45:09.503 [main] WARN  c.ibkr.data.HistoricalVolumeService - Received empty or null historical data for JPM. Cannot calculate average volume.
2025-08-25 23:45:09.503 [main] INFO  com.ibkr.data.HistoricalDataService - Requesting daily historical data for JNJ: 15 days
2025-08-25 23:45:09.503 [main] INFO  com.ibkr.data.HistoricalDataService - Successfully fetched 0 daily bars for JNJ
2025-08-25 23:45:09.504 [main] WARN  c.ibkr.data.HistoricalVolumeService - Received empty or null historical data for JNJ. Cannot calculate average volume.
2025-08-25 23:45:09.504 [main] INFO  com.ibkr.data.HistoricalDataService - Requesting daily historical data for UNH: 15 days
2025-08-25 23:45:09.504 [main] INFO  com.ibkr.data.HistoricalDataService - Successfully fetched 0 daily bars for UNH
2025-08-25 23:45:09.504 [main] WARN  c.ibkr.data.HistoricalVolumeService - Received empty or null historical data for UNH. Cannot calculate average volume.
2025-08-25 23:45:09.504 [main] INFO  com.ibkr.data.HistoricalDataService - Requesting daily historical data for PFE: 15 days
2025-08-25 23:45:09.504 [main] INFO  com.ibkr.data.HistoricalDataService - Successfully fetched 0 daily bars for PFE
2025-08-25 23:45:09.505 [main] WARN  c.ibkr.data.HistoricalVolumeService - Received empty or null historical data for PFE. Cannot calculate average volume.
2025-08-25 23:45:09.505 [main] INFO  com.ibkr.data.HistoricalDataService - Requesting daily historical data for MSFT: 15 days
2025-08-25 23:45:09.505 [main] INFO  com.ibkr.data.HistoricalDataService - Successfully fetched 0 daily bars for MSFT
2025-08-25 23:45:09.505 [main] WARN  c.ibkr.data.HistoricalVolumeService - Received empty or null historical data for MSFT. Cannot calculate average volume.
2025-08-25 23:45:09.505 [main] INFO  com.ibkr.data.HistoricalDataService - Requesting daily historical data for COST: 15 days
2025-08-25 23:45:09.506 [main] INFO  com.ibkr.data.HistoricalDataService - Successfully fetched 0 daily bars for COST
2025-08-25 23:45:09.506 [main] WARN  c.ibkr.data.HistoricalVolumeService - Received empty or null historical data for COST. Cannot calculate average volume.
2025-08-25 23:45:09.506 [main] INFO  com.ibkr.data.HistoricalDataService - Requesting daily historical data for TSLA: 15 days
2025-08-25 23:45:09.506 [main] INFO  com.ibkr.data.HistoricalDataService - Successfully fetched 0 daily bars for TSLA
2025-08-25 23:45:09.506 [main] WARN  c.ibkr.data.HistoricalVolumeService - Received empty or null historical data for TSLA. Cannot calculate average volume.
2025-08-25 23:45:09.506 [main] INFO  com.ibkr.data.HistoricalDataService - Requesting daily historical data for MA: 15 days
2025-08-25 23:45:09.507 [main] INFO  com.ibkr.data.HistoricalDataService - Successfully fetched 0 daily bars for MA
2025-08-25 23:45:09.507 [main] WARN  c.ibkr.data.HistoricalVolumeService - Received empty or null historical data for MA. Cannot calculate average volume.
2025-08-25 23:45:09.507 [main] INFO  com.ibkr.data.HistoricalDataService - Requesting daily historical data for V: 15 days
2025-08-25 23:45:09.507 [main] INFO  com.ibkr.data.HistoricalDataService - Successfully fetched 0 daily bars for V
2025-08-25 23:45:09.507 [main] WARN  c.ibkr.data.HistoricalVolumeService - Received empty or null historical data for V. Cannot calculate average volume.
2025-08-25 23:45:09.508 [main] INFO  com.ibkr.data.HistoricalDataService - Requesting daily historical data for PYPL: 15 days
2025-08-25 23:45:09.508 [main] INFO  com.ibkr.data.HistoricalDataService - Successfully fetched 0 daily bars for PYPL
2025-08-25 23:45:09.508 [main] WARN  c.ibkr.data.HistoricalVolumeService - Received empty or null historical data for PYPL. Cannot calculate average volume.
2025-08-25 23:45:09.508 [main] INFO  com.ibkr.data.HistoricalDataService - Requesting daily historical data for NFLX: 15 days
2025-08-25 23:45:09.508 [main] INFO  com.ibkr.data.HistoricalDataService - Successfully fetched 0 daily bars for NFLX
2025-08-25 23:45:09.508 [main] WARN  c.ibkr.data.HistoricalVolumeService - Received empty or null historical data for NFLX. Cannot calculate average volume.
2025-08-25 23:45:09.508 [main] INFO  com.ibkr.data.HistoricalDataService - Requesting daily historical data for NVDA: 15 days
2025-08-25 23:45:09.509 [main] INFO  com.ibkr.data.HistoricalDataService - Successfully fetched 0 daily bars for NVDA
2025-08-25 23:45:09.509 [main] WARN  c.ibkr.data.HistoricalVolumeService - Received empty or null historical data for NVDA. Cannot calculate average volume.
2025-08-25 23:45:09.509 [main] INFO  com.ibkr.data.HistoricalDataService - Requesting daily historical data for BAC: 15 days
2025-08-25 23:45:09.509 [main] INFO  com.ibkr.data.HistoricalDataService - Successfully fetched 0 daily bars for BAC
2025-08-25 23:45:09.509 [main] WARN  c.ibkr.data.HistoricalVolumeService - Received empty or null historical data for BAC. Cannot calculate average volume.
2025-08-25 23:45:09.509 [main] INFO  com.ibkr.data.HistoricalDataService - Requesting daily historical data for DIS: 15 days
2025-08-25 23:45:09.510 [main] INFO  com.ibkr.data.HistoricalDataService - Successfully fetched 0 daily bars for DIS
2025-08-25 23:45:09.510 [main] WARN  c.ibkr.data.HistoricalVolumeService - Received empty or null historical data for DIS. Cannot calculate average volume.
2025-08-25 23:45:09.510 [main] INFO  com.ibkr.data.HistoricalDataService - Requesting daily historical data for MCD: 15 days
2025-08-25 23:45:09.510 [main] INFO  com.ibkr.data.HistoricalDataService - Successfully fetched 0 daily bars for MCD
2025-08-25 23:45:09.510 [main] WARN  c.ibkr.data.HistoricalVolumeService - Received empty or null historical data for MCD. Cannot calculate average volume.
2025-08-25 23:45:09.510 [main] INFO  com.ibkr.data.HistoricalDataService - Requesting daily historical data for PG: 15 days
2025-08-25 23:45:09.510 [main] INFO  com.ibkr.data.HistoricalDataService - Successfully fetched 0 daily bars for PG
2025-08-25 23:45:09.511 [main] WARN  c.ibkr.data.HistoricalVolumeService - Received empty or null historical data for PG. Cannot calculate average volume.
2025-08-25 23:45:09.511 [main] INFO  com.ibkr.data.HistoricalDataService - Requesting daily historical data for XOM: 15 days
2025-08-25 23:45:09.511 [main] INFO  com.ibkr.data.HistoricalDataService - Successfully fetched 0 daily bars for XOM
2025-08-25 23:45:09.511 [main] WARN  c.ibkr.data.HistoricalVolumeService - Received empty or null historical data for XOM. Cannot calculate average volume.
2025-08-25 23:45:09.511 [main] INFO  com.ibkr.data.HistoricalDataService - Requesting daily historical data for ADBE: 15 days
2025-08-25 23:45:09.511 [main] INFO  com.ibkr.data.HistoricalDataService - Successfully fetched 0 daily bars for ADBE
2025-08-25 23:45:09.512 [main] WARN  c.ibkr.data.HistoricalVolumeService - Received empty or null historical data for ADBE. Cannot calculate average volume.
2025-08-25 23:45:09.512 [main] INFO  com.ibkr.data.HistoricalDataService - Requesting daily historical data for PEP: 15 days
2025-08-25 23:45:09.512 [main] INFO  com.ibkr.data.HistoricalDataService - Successfully fetched 0 daily bars for PEP
2025-08-25 23:45:09.512 [main] WARN  c.ibkr.data.HistoricalVolumeService - Received empty or null historical data for PEP. Cannot calculate average volume.
2025-08-25 23:45:09.512 [main] INFO  com.ibkr.data.HistoricalDataService - Requesting daily historical data for HD: 15 days
2025-08-25 23:45:09.512 [main] INFO  com.ibkr.data.HistoricalDataService - Successfully fetched 0 daily bars for HD
2025-08-25 23:45:09.512 [main] WARN  c.ibkr.data.HistoricalVolumeService - Received empty or null historical data for HD. Cannot calculate average volume.
2025-08-25 23:45:09.513 [main] INFO  com.ibkr.data.HistoricalDataService - Requesting daily historical data for AMZN: 15 days
2025-08-25 23:45:09.513 [main] INFO  com.ibkr.data.HistoricalDataService - Successfully fetched 0 daily bars for AMZN
2025-08-25 23:45:09.513 [main] WARN  c.ibkr.data.HistoricalVolumeService - Received empty or null historical data for AMZN. Cannot calculate average volume.
2025-08-25 23:45:09.513 [main] INFO  com.ibkr.data.HistoricalDataService - Requesting daily historical data for CRM: 15 days
2025-08-25 23:45:09.513 [main] INFO  com.ibkr.data.HistoricalDataService - Successfully fetched 0 daily bars for CRM
2025-08-25 23:45:09.513 [main] WARN  c.ibkr.data.HistoricalVolumeService - Received empty or null historical data for CRM. Cannot calculate average volume.
2025-08-25 23:45:09.514 [main] INFO  c.ibkr.data.HistoricalVolumeService - Historical daily volume calculation complete.
2025-08-25 23:45:09.514 [main] INFO  com.ibkr.core.TradingEngine - TradingEngine initialized, including OrbStrategy, IntradayPriceActionAnalyzer, and VolumeSpikeAnalyzer.
2025-08-25 23:45:09.516 [main] INFO  com.ibkr.core.TradingEngine - TradingEngine services initialized.
2025-08-25 23:45:09.519 [main] INFO  com.ibkr.AppContext - AppContext initialized successfully.
2025-08-25 23:45:09.519 [main] INFO  com.ibkr.IBAppMain - AppContext initialized.
2025-08-25 23:45:09.519 [main] INFO  com.ibkr.IBAppMain - Attempting to connect MarketDataService...
2025-08-25 23:45:09.520 [main] INFO  com.ibkr.IBAppMain - Connecting to TWS on 127.0.0.1:7497 with clientId 0
2025-08-25 23:45:09.520 [main] INFO  com.ibkr.IBAppMain - MarketDataService connect method called. Waiting for connection acknowledgment...
2025-08-25 23:45:09.520 [main] INFO  com.ibkr.IBAppMain - MarketDataService connected successfully.
2025-08-25 23:45:09.520 [main] INFO  com.ibkr.IBAppMain - IBAppMain setup complete. Application is running.
2025-08-25 23:50:09.519 [pool-1-thread-1] INFO  com.ibkr.core.TradingEngine - Opening range end triggered. Running opening range screen...
2025-08-25 23:50:09.520 [pool-1-thread-1] WARN  com.ibkr.core.TradingEngine - No pre-screened stocks to run opening range screen on.
2025-08-25 23:51:48.976 [IBAppShutdownHook] INFO  com.ibkr.IBAppMain - Shutdown hook initiated by JVM...
2025-08-25 23:51:48.977 [IBAppShutdownHook] INFO  com.ibkr.IBAppMain - Calling AppContext shutdown...
2025-08-25 23:51:48.977 [IBAppShutdownHook] INFO  com.ibkr.AppContext - Shutting down AppContext...
2025-08-25 23:51:48.979 [IBAppShutdownHook] INFO  com.ibkr.data.MarketDataHandler - Shutting down MarketDataHandler persistence executor...
2025-08-25 23:51:48.980 [IBAppShutdownHook] INFO  com.ibkr.data.MarketDataHandler - Closing 0 symbol writers.
2025-08-25 23:51:48.980 [IBAppShutdownHook] INFO  com.ibkr.data.MarketDataHandler - MarketDataHandler shutdown complete.
2025-08-25 23:51:48.980 [IBAppShutdownHook] INFO  com.ibkr.AppContext - AppContext shutdown process completed.
2025-08-25 23:51:48.980 [IBAppShutdownHook] INFO  com.ibkr.IBAppMain - Shutdown hook processing completed.
2025-08-26 00:08:01.972 [main] INFO  com.ibkr.IBAppMain - Application starting...
2025-08-26 00:08:02.025 [main] INFO  com.ibkr.data.MarketDataHandler - Data directory already exists: /app/market_data
2025-08-26 00:08:02.030 [main] INFO  c.i.a.SupportResistanceAnalyzer - SupportResistanceAnalyzer initialized.
2025-08-26 00:08:02.039 [main] INFO  c.i.analysis.MarketSentimentAnalyzer - MarketSentimentAnalyzer initialized. Symbols: 25, Observation: 15 mins, Market Open: 09:30, Observation End: 09:45, Analysis Window End: 10:00
2025-08-26 00:08:02.041 [main] INFO  c.i.analysis.SectorStrengthAnalyzer - SectorStrengthAnalyzer initialized with 11 sectors and 34 symbol mappings.
2025-08-26 00:08:02.055 [main] INFO  com.ibkr.strategy.orb.OrbStrategy - OrbStrategy initialized. Timeframe: 5 mins, SL ATR %: 0.1, Risk %: 0.01
2025-08-26 00:08:02.084 [main] INFO  com.ibkr.core.TradingEngine - Registering contracts for 25 symbols before data loading.
2025-08-26 00:08:02.085 [main] INFO  com.ibkr.core.TradingEngine - Pre-loading historical daily volume data for 25 symbols.
2025-08-26 00:08:02.086 [main] INFO  c.ibkr.data.HistoricalVolumeService - Starting historical daily volume calculation for 25 symbols.
2025-08-26 00:08:02.098 [main] INFO  com.ibkr.data.HistoricalDataService - Requesting daily historical data for GOOGL: 15 days
2025-08-26 00:08:02.099 [main] ERROR c.ibkr.service.IbkrMarketDataService - Cannot request historical data for GOOGL: Not connected.
2025-08-26 00:08:02.105 [main] ERROR com.ibkr.data.HistoricalDataService - Failed to fetch daily data for GOOGL: Not connected to TWS.
2025-08-26 00:08:02.108 [main] INFO  com.ibkr.data.HistoricalDataService - Requesting daily historical data for AAPL: 15 days
2025-08-26 00:08:02.110 [main] ERROR c.ibkr.service.IbkrMarketDataService - Cannot request historical data for AAPL: Not connected.
2025-08-26 00:08:02.111 [main] ERROR com.ibkr.data.HistoricalDataService - Failed to fetch daily data for AAPL: Not connected to TWS.
2025-08-26 00:08:02.111 [main] INFO  com.ibkr.data.HistoricalDataService - Requesting daily historical data for CVX: 15 days
2025-08-26 00:08:02.111 [main] ERROR c.ibkr.service.IbkrMarketDataService - Cannot request historical data for CVX: Not connected.
2025-08-26 00:08:02.111 [main] ERROR com.ibkr.data.HistoricalDataService - Failed to fetch daily data for CVX: Not connected to TWS.
2025-08-26 00:08:02.112 [main] INFO  com.ibkr.data.HistoricalDataService - Requesting daily historical data for JPM: 15 days
2025-08-26 00:08:02.114 [main] ERROR c.ibkr.service.IbkrMarketDataService - Cannot request historical data for JPM: Not connected.
2025-08-26 00:08:02.114 [main] ERROR com.ibkr.data.HistoricalDataService - Failed to fetch daily data for JPM: Not connected to TWS.
2025-08-26 00:08:02.114 [main] INFO  com.ibkr.data.HistoricalDataService - Requesting daily historical data for JNJ: 15 days
2025-08-26 00:08:02.114 [main] ERROR c.ibkr.service.IbkrMarketDataService - Cannot request historical data for JNJ: Not connected.
2025-08-26 00:08:02.115 [main] ERROR com.ibkr.data.HistoricalDataService - Failed to fetch daily data for JNJ: Not connected to TWS.
2025-08-26 00:08:02.115 [main] INFO  com.ibkr.data.HistoricalDataService - Requesting daily historical data for UNH: 15 days
2025-08-26 00:08:02.115 [main] ERROR c.ibkr.service.IbkrMarketDataService - Cannot request historical data for UNH: Not connected.
2025-08-26 00:08:02.115 [main] ERROR com.ibkr.data.HistoricalDataService - Failed to fetch daily data for UNH: Not connected to TWS.
2025-08-26 00:08:02.115 [main] INFO  com.ibkr.data.HistoricalDataService - Requesting daily historical data for PFE: 15 days
2025-08-26 00:08:02.116 [main] ERROR c.ibkr.service.IbkrMarketDataService - Cannot request historical data for PFE: Not connected.
2025-08-26 00:08:02.116 [main] ERROR com.ibkr.data.HistoricalDataService - Failed to fetch daily data for PFE: Not connected to TWS.
2025-08-26 00:08:02.117 [main] INFO  com.ibkr.data.HistoricalDataService - Requesting daily historical data for MSFT: 15 days
2025-08-26 00:08:02.117 [main] ERROR c.ibkr.service.IbkrMarketDataService - Cannot request historical data for MSFT: Not connected.
2025-08-26 00:08:02.117 [main] ERROR com.ibkr.data.HistoricalDataService - Failed to fetch daily data for MSFT: Not connected to TWS.
2025-08-26 00:08:02.118 [main] INFO  com.ibkr.data.HistoricalDataService - Requesting daily historical data for COST: 15 days
2025-08-26 00:08:02.118 [main] ERROR c.ibkr.service.IbkrMarketDataService - Cannot request historical data for COST: Not connected.
2025-08-26 00:08:02.118 [main] ERROR com.ibkr.data.HistoricalDataService - Failed to fetch daily data for COST: Not connected to TWS.
2025-08-26 00:08:02.118 [main] INFO  com.ibkr.data.HistoricalDataService - Requesting daily historical data for TSLA: 15 days
2025-08-26 00:08:02.118 [main] ERROR c.ibkr.service.IbkrMarketDataService - Cannot request historical data for TSLA: Not connected.
2025-08-26 00:08:02.118 [main] ERROR com.ibkr.data.HistoricalDataService - Failed to fetch daily data for TSLA: Not connected to TWS.
2025-08-26 00:08:02.118 [main] INFO  com.ibkr.data.HistoricalDataService - Requesting daily historical data for MA: 15 days
2025-08-26 00:08:02.119 [main] ERROR c.ibkr.service.IbkrMarketDataService - Cannot request historical data for MA: Not connected.
2025-08-26 00:08:02.119 [main] ERROR com.ibkr.data.HistoricalDataService - Failed to fetch daily data for MA: Not connected to TWS.
2025-08-26 00:08:02.119 [main] INFO  com.ibkr.data.HistoricalDataService - Requesting daily historical data for V: 15 days
2025-08-26 00:08:02.119 [main] ERROR c.ibkr.service.IbkrMarketDataService - Cannot request historical data for V: Not connected.
2025-08-26 00:08:02.119 [main] ERROR com.ibkr.data.HistoricalDataService - Failed to fetch daily data for V: Not connected to TWS.
2025-08-26 00:08:02.119 [main] INFO  com.ibkr.data.HistoricalDataService - Requesting daily historical data for PYPL: 15 days
2025-08-26 00:08:02.119 [main] ERROR c.ibkr.service.IbkrMarketDataService - Cannot request historical data for PYPL: Not connected.
2025-08-26 00:08:02.119 [main] ERROR com.ibkr.data.HistoricalDataService - Failed to fetch daily data for PYPL: Not connected to TWS.
2025-08-26 00:08:02.119 [main] INFO  com.ibkr.data.HistoricalDataService - Requesting daily historical data for NFLX: 15 days
2025-08-26 00:08:02.120 [main] ERROR c.ibkr.service.IbkrMarketDataService - Cannot request historical data for NFLX: Not connected.
2025-08-26 00:08:02.120 [main] ERROR com.ibkr.data.HistoricalDataService - Failed to fetch daily data for NFLX: Not connected to TWS.
2025-08-26 00:08:02.120 [main] INFO  com.ibkr.data.HistoricalDataService - Requesting daily historical data for NVDA: 15 days
2025-08-26 00:08:02.120 [main] ERROR c.ibkr.service.IbkrMarketDataService - Cannot request historical data for NVDA: Not connected.
2025-08-26 00:08:02.120 [main] ERROR com.ibkr.data.HistoricalDataService - Failed to fetch daily data for NVDA: Not connected to TWS.
2025-08-26 00:08:02.120 [main] INFO  com.ibkr.data.HistoricalDataService - Requesting daily historical data for BAC: 15 days
2025-08-26 00:08:02.120 [main] ERROR c.ibkr.service.IbkrMarketDataService - Cannot request historical data for BAC: Not connected.
2025-08-26 00:08:02.120 [main] ERROR com.ibkr.data.HistoricalDataService - Failed to fetch daily data for BAC: Not connected to TWS.
2025-08-26 00:08:02.120 [main] INFO  com.ibkr.data.HistoricalDataService - Requesting daily historical data for DIS: 15 days
2025-08-26 00:08:02.120 [main] ERROR c.ibkr.service.IbkrMarketDataService - Cannot request historical data for DIS: Not connected.
2025-08-26 00:08:02.120 [main] ERROR com.ibkr.data.HistoricalDataService - Failed to fetch daily data for DIS: Not connected to TWS.
2025-08-26 00:08:02.120 [main] INFO  com.ibkr.data.HistoricalDataService - Requesting daily historical data for MCD: 15 days
2025-08-26 00:08:02.120 [main] ERROR c.ibkr.service.IbkrMarketDataService - Cannot request historical data for MCD: Not connected.
2025-08-26 00:08:02.121 [main] ERROR com.ibkr.data.HistoricalDataService - Failed to fetch daily data for MCD: Not connected to TWS.
2025-08-26 00:08:02.121 [main] INFO  com.ibkr.data.HistoricalDataService - Requesting daily historical data for PG: 15 days
2025-08-26 00:08:02.121 [main] ERROR c.ibkr.service.IbkrMarketDataService - Cannot request historical data for PG: Not connected.
2025-08-26 00:08:02.121 [main] ERROR com.ibkr.data.HistoricalDataService - Failed to fetch daily data for PG: Not connected to TWS.
2025-08-26 00:08:02.121 [main] INFO  com.ibkr.data.HistoricalDataService - Requesting daily historical data for XOM: 15 days
2025-08-26 00:08:02.122 [main] ERROR c.ibkr.service.IbkrMarketDataService - Cannot request historical data for XOM: Not connected.
2025-08-26 00:08:02.122 [main] ERROR com.ibkr.data.HistoricalDataService - Failed to fetch daily data for XOM: Not connected to TWS.
2025-08-26 00:08:02.122 [main] INFO  com.ibkr.data.HistoricalDataService - Requesting daily historical data for ADBE: 15 days
2025-08-26 00:08:02.122 [main] ERROR c.ibkr.service.IbkrMarketDataService - Cannot request historical data for ADBE: Not connected.
2025-08-26 00:08:02.122 [main] ERROR com.ibkr.data.HistoricalDataService - Failed to fetch daily data for ADBE: Not connected to TWS.
2025-08-26 00:08:02.122 [main] INFO  com.ibkr.data.HistoricalDataService - Requesting daily historical data for PEP: 15 days
2025-08-26 00:08:02.122 [main] ERROR c.ibkr.service.IbkrMarketDataService - Cannot request historical data for PEP: Not connected.
2025-08-26 00:08:02.122 [main] ERROR com.ibkr.data.HistoricalDataService - Failed to fetch daily data for PEP: Not connected to TWS.
2025-08-26 00:08:02.122 [main] INFO  com.ibkr.data.HistoricalDataService - Requesting daily historical data for HD: 15 days
2025-08-26 00:08:02.123 [main] ERROR c.ibkr.service.IbkrMarketDataService - Cannot request historical data for HD: Not connected.
2025-08-26 00:08:02.123 [main] ERROR com.ibkr.data.HistoricalDataService - Failed to fetch daily data for HD: Not connected to TWS.
2025-08-26 00:08:02.123 [main] INFO  com.ibkr.data.HistoricalDataService - Requesting daily historical data for AMZN: 15 days
2025-08-26 00:08:02.123 [main] ERROR c.ibkr.service.IbkrMarketDataService - Cannot request historical data for AMZN: Not connected.
2025-08-26 00:08:02.123 [main] ERROR com.ibkr.data.HistoricalDataService - Failed to fetch daily data for AMZN: Not connected to TWS.
2025-08-26 00:08:02.123 [main] INFO  com.ibkr.data.HistoricalDataService - Requesting daily historical data for CRM: 15 days
2025-08-26 00:08:02.123 [main] ERROR c.ibkr.service.IbkrMarketDataService - Cannot request historical data for CRM: Not connected.
2025-08-26 00:08:02.123 [main] ERROR com.ibkr.data.HistoricalDataService - Failed to fetch daily data for CRM: Not connected to TWS.
2025-08-26 00:09:14.991 [main] INFO  com.ibkr.IBAppMain - Application starting...
2025-08-26 00:09:15.034 [main] INFO  com.ibkr.data.MarketDataHandler - Data directory already exists: /app/market_data
2025-08-26 00:09:15.038 [main] INFO  c.i.a.SupportResistanceAnalyzer - SupportResistanceAnalyzer initialized.
2025-08-26 00:09:15.044 [main] INFO  c.i.analysis.MarketSentimentAnalyzer - MarketSentimentAnalyzer initialized. Symbols: 25, Observation: 15 mins, Market Open: 09:30, Observation End: 09:45, Analysis Window End: 10:00
2025-08-26 00:09:15.047 [main] INFO  c.i.analysis.SectorStrengthAnalyzer - SectorStrengthAnalyzer initialized with 11 sectors and 34 symbol mappings.
2025-08-26 00:09:15.086 [main] INFO  com.ibkr.strategy.orb.OrbStrategy - OrbStrategy initialized. Timeframe: 5 mins, SL ATR %: 0.1, Risk %: 0.01
2025-08-26 00:09:15.110 [main] INFO  com.ibkr.core.TradingEngine - Registering contracts for 25 symbols before data loading.
2025-08-26 00:09:15.111 [main] INFO  com.ibkr.core.TradingEngine - Pre-loading historical daily volume data for 25 symbols.
2025-08-26 00:09:15.111 [main] INFO  c.ibkr.data.HistoricalVolumeService - Starting historical daily volume calculation for 25 symbols.
2025-08-26 00:09:15.117 [main] INFO  com.ibkr.data.HistoricalDataService - Requesting daily historical data for GOOGL: 15 days
2025-08-26 00:09:15.122 [main] INFO  com.ibkr.data.HistoricalDataService - Successfully fetched 0 daily bars for GOOGL
2025-08-26 00:09:15.124 [main] WARN  c.ibkr.data.HistoricalVolumeService - Received empty or null historical data for GOOGL. Cannot calculate average volume.
2025-08-26 00:09:15.125 [main] INFO  com.ibkr.data.HistoricalDataService - Requesting daily historical data for AAPL: 15 days
2025-08-26 00:09:15.125 [main] INFO  com.ibkr.data.HistoricalDataService - Successfully fetched 0 daily bars for AAPL
2025-08-26 00:09:15.125 [main] WARN  c.ibkr.data.HistoricalVolumeService - Received empty or null historical data for AAPL. Cannot calculate average volume.
2025-08-26 00:09:15.126 [main] INFO  com.ibkr.data.HistoricalDataService - Requesting daily historical data for CVX: 15 days
2025-08-26 00:09:15.126 [main] INFO  com.ibkr.data.HistoricalDataService - Successfully fetched 0 daily bars for CVX
2025-08-26 00:09:15.126 [main] WARN  c.ibkr.data.HistoricalVolumeService - Received empty or null historical data for CVX. Cannot calculate average volume.
2025-08-26 00:09:15.127 [main] INFO  com.ibkr.data.HistoricalDataService - Requesting daily historical data for JPM: 15 days
2025-08-26 00:09:15.127 [main] INFO  com.ibkr.data.HistoricalDataService - Successfully fetched 0 daily bars for JPM
2025-08-26 00:09:15.127 [main] WARN  c.ibkr.data.HistoricalVolumeService - Received empty or null historical data for JPM. Cannot calculate average volume.
2025-08-26 00:09:15.127 [main] INFO  com.ibkr.data.HistoricalDataService - Requesting daily historical data for JNJ: 15 days
2025-08-26 00:09:15.127 [main] INFO  com.ibkr.data.HistoricalDataService - Successfully fetched 0 daily bars for JNJ
2025-08-26 00:09:15.128 [main] WARN  c.ibkr.data.HistoricalVolumeService - Received empty or null historical data for JNJ. Cannot calculate average volume.
2025-08-26 00:09:15.128 [main] INFO  com.ibkr.data.HistoricalDataService - Requesting daily historical data for UNH: 15 days
2025-08-26 00:09:15.128 [main] INFO  com.ibkr.data.HistoricalDataService - Successfully fetched 0 daily bars for UNH
2025-08-26 00:09:15.128 [main] WARN  c.ibkr.data.HistoricalVolumeService - Received empty or null historical data for UNH. Cannot calculate average volume.
2025-08-26 00:09:15.128 [main] INFO  com.ibkr.data.HistoricalDataService - Requesting daily historical data for PFE: 15 days
2025-08-26 00:09:15.128 [main] INFO  com.ibkr.data.HistoricalDataService - Successfully fetched 0 daily bars for PFE
2025-08-26 00:09:15.129 [main] WARN  c.ibkr.data.HistoricalVolumeService - Received empty or null historical data for PFE. Cannot calculate average volume.
2025-08-26 00:09:15.129 [main] INFO  com.ibkr.data.HistoricalDataService - Requesting daily historical data for MSFT: 15 days
2025-08-26 00:09:15.129 [main] INFO  com.ibkr.data.HistoricalDataService - Successfully fetched 0 daily bars for MSFT
2025-08-26 00:09:15.129 [main] WARN  c.ibkr.data.HistoricalVolumeService - Received empty or null historical data for MSFT. Cannot calculate average volume.
2025-08-26 00:09:15.129 [main] INFO  com.ibkr.data.HistoricalDataService - Requesting daily historical data for COST: 15 days
2025-08-26 00:09:15.130 [main] INFO  com.ibkr.data.HistoricalDataService - Successfully fetched 0 daily bars for COST
2025-08-26 00:09:15.130 [main] WARN  c.ibkr.data.HistoricalVolumeService - Received empty or null historical data for COST. Cannot calculate average volume.
2025-08-26 00:09:15.130 [main] INFO  com.ibkr.data.HistoricalDataService - Requesting daily historical data for TSLA: 15 days
2025-08-26 00:09:15.130 [main] INFO  com.ibkr.data.HistoricalDataService - Successfully fetched 0 daily bars for TSLA
2025-08-26 00:09:15.130 [main] WARN  c.ibkr.data.HistoricalVolumeService - Received empty or null historical data for TSLA. Cannot calculate average volume.
2025-08-26 00:09:15.130 [main] INFO  com.ibkr.data.HistoricalDataService - Requesting daily historical data for MA: 15 days
2025-08-26 00:09:15.131 [main] INFO  com.ibkr.data.HistoricalDataService - Successfully fetched 0 daily bars for MA
2025-08-26 00:09:15.131 [main] WARN  c.ibkr.data.HistoricalVolumeService - Received empty or null historical data for MA. Cannot calculate average volume.
2025-08-26 00:09:15.131 [main] INFO  com.ibkr.data.HistoricalDataService - Requesting daily historical data for V: 15 days
2025-08-26 00:09:15.131 [main] INFO  com.ibkr.data.HistoricalDataService - Successfully fetched 0 daily bars for V
2025-08-26 00:09:15.131 [main] WARN  c.ibkr.data.HistoricalVolumeService - Received empty or null historical data for V. Cannot calculate average volume.
2025-08-26 00:09:15.131 [main] INFO  com.ibkr.data.HistoricalDataService - Requesting daily historical data for PYPL: 15 days
2025-08-26 00:09:15.132 [main] INFO  com.ibkr.data.HistoricalDataService - Successfully fetched 0 daily bars for PYPL
2025-08-26 00:09:15.132 [main] WARN  c.ibkr.data.HistoricalVolumeService - Received empty or null historical data for PYPL. Cannot calculate average volume.
2025-08-26 00:09:15.132 [main] INFO  com.ibkr.data.HistoricalDataService - Requesting daily historical data for NFLX: 15 days
2025-08-26 00:09:15.132 [main] INFO  com.ibkr.data.HistoricalDataService - Successfully fetched 0 daily bars for NFLX
2025-08-26 00:09:15.132 [main] WARN  c.ibkr.data.HistoricalVolumeService - Received empty or null historical data for NFLX. Cannot calculate average volume.
2025-08-26 00:09:15.132 [main] INFO  com.ibkr.data.HistoricalDataService - Requesting daily historical data for NVDA: 15 days
2025-08-26 00:09:15.132 [main] INFO  com.ibkr.data.HistoricalDataService - Successfully fetched 0 daily bars for NVDA
2025-08-26 00:09:15.133 [main] WARN  c.ibkr.data.HistoricalVolumeService - Received empty or null historical data for NVDA. Cannot calculate average volume.
2025-08-26 00:09:15.133 [main] INFO  com.ibkr.data.HistoricalDataService - Requesting daily historical data for BAC: 15 days
2025-08-26 00:09:15.133 [main] INFO  com.ibkr.data.HistoricalDataService - Successfully fetched 0 daily bars for BAC
2025-08-26 00:09:15.133 [main] WARN  c.ibkr.data.HistoricalVolumeService - Received empty or null historical data for BAC. Cannot calculate average volume.
2025-08-26 00:09:15.133 [main] INFO  com.ibkr.data.HistoricalDataService - Requesting daily historical data for DIS: 15 days
2025-08-26 00:09:15.133 [main] INFO  com.ibkr.data.HistoricalDataService - Successfully fetched 0 daily bars for DIS
2025-08-26 00:09:15.133 [main] WARN  c.ibkr.data.HistoricalVolumeService - Received empty or null historical data for DIS. Cannot calculate average volume.
2025-08-26 00:09:15.133 [main] INFO  com.ibkr.data.HistoricalDataService - Requesting daily historical data for MCD: 15 days
2025-08-26 00:09:15.134 [main] INFO  com.ibkr.data.HistoricalDataService - Successfully fetched 0 daily bars for MCD
2025-08-26 00:09:15.134 [main] WARN  c.ibkr.data.HistoricalVolumeService - Received empty or null historical data for MCD. Cannot calculate average volume.
2025-08-26 00:09:15.134 [main] INFO  com.ibkr.data.HistoricalDataService - Requesting daily historical data for PG: 15 days
2025-08-26 00:09:15.134 [main] INFO  com.ibkr.data.HistoricalDataService - Successfully fetched 0 daily bars for PG
2025-08-26 00:09:15.134 [main] WARN  c.ibkr.data.HistoricalVolumeService - Received empty or null historical data for PG. Cannot calculate average volume.
2025-08-26 00:09:15.134 [main] INFO  com.ibkr.data.HistoricalDataService - Requesting daily historical data for XOM: 15 days
2025-08-26 00:09:15.134 [main] INFO  com.ibkr.data.HistoricalDataService - Successfully fetched 0 daily bars for XOM
2025-08-26 00:09:15.135 [main] WARN  c.ibkr.data.HistoricalVolumeService - Received empty or null historical data for XOM. Cannot calculate average volume.
2025-08-26 00:09:15.135 [main] INFO  com.ibkr.data.HistoricalDataService - Requesting daily historical data for ADBE: 15 days
2025-08-26 00:09:15.135 [main] INFO  com.ibkr.data.HistoricalDataService - Successfully fetched 0 daily bars for ADBE
2025-08-26 00:09:15.135 [main] WARN  c.ibkr.data.HistoricalVolumeService - Received empty or null historical data for ADBE. Cannot calculate average volume.
2025-08-26 00:09:15.135 [main] INFO  com.ibkr.data.HistoricalDataService - Requesting daily historical data for PEP: 15 days
2025-08-26 00:09:15.135 [main] INFO  com.ibkr.data.HistoricalDataService - Successfully fetched 0 daily bars for PEP
2025-08-26 00:09:15.135 [main] WARN  c.ibkr.data.HistoricalVolumeService - Received empty or null historical data for PEP. Cannot calculate average volume.
2025-08-26 00:09:15.135 [main] INFO  com.ibkr.data.HistoricalDataService - Requesting daily historical data for HD: 15 days
2025-08-26 00:09:15.136 [main] INFO  com.ibkr.data.HistoricalDataService - Successfully fetched 0 daily bars for HD
2025-08-26 00:09:15.136 [main] WARN  c.ibkr.data.HistoricalVolumeService - Received empty or null historical data for HD. Cannot calculate average volume.
2025-08-26 00:09:15.136 [main] INFO  com.ibkr.data.HistoricalDataService - Requesting daily historical data for AMZN: 15 days
2025-08-26 00:09:15.136 [main] INFO  com.ibkr.data.HistoricalDataService - Successfully fetched 0 daily bars for AMZN
2025-08-26 00:09:15.136 [main] WARN  c.ibkr.data.HistoricalVolumeService - Received empty or null historical data for AMZN. Cannot calculate average volume.
2025-08-26 00:09:15.136 [main] INFO  com.ibkr.data.HistoricalDataService - Requesting daily historical data for CRM: 15 days
2025-08-26 00:09:15.137 [main] INFO  com.ibkr.data.HistoricalDataService - Successfully fetched 0 daily bars for CRM
2025-08-26 00:09:15.137 [main] WARN  c.ibkr.data.HistoricalVolumeService - Received empty or null historical data for CRM. Cannot calculate average volume.
2025-08-26 00:09:15.138 [main] INFO  c.ibkr.data.HistoricalVolumeService - Historical daily volume calculation complete.
2025-08-26 00:09:15.138 [main] INFO  com.ibkr.core.TradingEngine - TradingEngine initialized, including OrbStrategy, IntradayPriceActionAnalyzer, and VolumeSpikeAnalyzer.
2025-08-26 00:09:15.140 [main] INFO  com.ibkr.core.TradingEngine - TradingEngine services initialized.
2025-08-26 00:09:15.144 [main] INFO  com.ibkr.AppContext - AppContext initialized successfully.
2025-08-26 00:09:15.144 [main] INFO  com.ibkr.IBAppMain - AppContext initialized.
2025-08-26 00:09:15.144 [main] INFO  com.ibkr.IBAppMain - Attempting to connect MarketDataService...
2025-08-26 00:09:15.145 [main] INFO  com.ibkr.IBAppMain - Connecting to TWS on 127.0.0.1:7497 with clientId 0
2025-08-26 00:09:15.145 [main] INFO  com.ibkr.IBAppMain - MarketDataService connect method called. Waiting for connection acknowledgment...
2025-08-26 00:09:15.145 [main] INFO  com.ibkr.IBAppMain - MarketDataService connected successfully.
2025-08-26 00:09:15.145 [main] INFO  com.ibkr.IBAppMain - IBAppMain setup complete. Application is running.
2025-08-26 00:14:15.143 [pool-1-thread-1] INFO  com.ibkr.core.TradingEngine - Opening range end triggered. Running opening range screen...
2025-08-26 00:14:15.144 [pool-1-thread-1] WARN  com.ibkr.core.TradingEngine - No pre-screened stocks to run opening range screen on.
2025-08-26 00:15:54.504 [IBAppShutdownHook] INFO  com.ibkr.IBAppMain - Shutdown hook initiated by JVM...
2025-08-26 00:15:54.505 [IBAppShutdownHook] INFO  com.ibkr.IBAppMain - Calling AppContext shutdown...
2025-08-26 00:15:54.505 [IBAppShutdownHook] INFO  com.ibkr.AppContext - Shutting down AppContext...
2025-08-26 00:15:54.518 [IBAppShutdownHook] INFO  com.ibkr.data.MarketDataHandler - Shutting down MarketDataHandler persistence executor...
2025-08-26 00:15:54.519 [IBAppShutdownHook] INFO  com.ibkr.data.MarketDataHandler - Closing 0 symbol writers.
2025-08-26 00:15:54.519 [IBAppShutdownHook] INFO  com.ibkr.data.MarketDataHandler - MarketDataHandler shutdown complete.
2025-08-26 00:15:54.519 [IBAppShutdownHook] INFO  com.ibkr.AppContext - AppContext shutdown process completed.
2025-08-26 00:15:54.519 [IBAppShutdownHook] INFO  com.ibkr.IBAppMain - Shutdown hook processing completed.
